生成启动时间为 2017/10/16 14:21:13。
     1>项目“D:\projects\lua\vs2012\lua_with_vs2012\lua_dynamic_library\lua_dynamic_library.vcxproj”在节点 2 上(Rebuild 个目标)。
     1>ClCompile:
         C:\Program Files (x86)\Microsoft Visual Studio 11.0\VC\bin\CL.exe /c /Zi /nologo /W3 /WX- /sdl /O2 /Oi /Oy- /GL /D WIN32 /D NDEBUG /D _WINDOWS /D _WINDLL /D _UNICODE /D UNICODE /D LUA_BUILD_AS_DLL /Gm- /EHsc /MD /GS /Gy /fp:precise /Zc:wchar_t /Zc:forScope /Fo"Release\\" /Fd"Release\vc110.pdb" /Gd /TC /analyze- /errorReport:prompt ..\src\lapi.c ..\src\lauxlib.c ..\src\lbaselib.c ..\src\lbitlib.c ..\src\lcode.c ..\src\lcorolib.c ..\src\lctype.c ..\src\ldblib.c ..\src\ldebug.c ..\src\ldo.c ..\src\ldump.c ..\src\lfunc.c ..\src\lgc.c ..\src\linit.c ..\src\liolib.c ..\src\llex.c ..\src\lmathlib.c ..\src\lmem.c ..\src\loadlib.c ..\src\lobject.c ..\src\lopcodes.c ..\src\loslib.c ..\src\lparser.c ..\src\lstate.c ..\src\lstring.c ..\src\lstrlib.c ..\src\ltable.c ..\src\ltablib.c ..\src\ltm.c ..\src\lundump.c ..\src\lutf8lib.c ..\src\lvm.c ..\src\lzio.c
         lapi.c
         lauxlib.c
         lbaselib.c
         lbitlib.c
         lcode.c
         lcorolib.c
         lctype.c
         ldblib.c
         ldebug.c
         ldo.c
         ldump.c
         lfunc.c
         lgc.c
         linit.c
         liolib.c
         llex.c
         lmathlib.c
         lmem.c
         loadlib.c
         lobject.c
         正在编译...
         lopcodes.c
         loslib.c
         lparser.c
         lstate.c
         lstring.c
         lstrlib.c
         ltable.c
         ltablib.c
         ltm.c
         lundump.c
         lutf8lib.c
         lvm.c
         lzio.c
       Link:
         C:\Program Files (x86)\Microsoft Visual Studio 11.0\VC\bin\link.exe /ERRORREPORT:PROMPT /OUT:"D:\projects\lua\vs2012\lua_with_vs2012\Release\lua_dynamic_library.dll" /INCREMENTAL:NO /NOLOGO kernel32.lib user32.lib gdi32.lib winspool.lib comdlg32.lib advapi32.lib shell32.lib ole32.lib oleaut32.lib uuid.lib odbc32.lib odbccp32.lib /MANIFEST /MANIFESTUAC:"level='asInvoker' uiAccess='false'" /manifest:embed /DEBUG /PDB:"D:\projects\lua\vs2012\lua_with_vs2012\Release\lua_dynamic_library.pdb" /SUBSYSTEM:WINDOWS /OPT:REF /OPT:ICF /LTCG /TLBID:1 /DYNAMICBASE /NXCOMPAT /IMPLIB:"D:\projects\lua\vs2012\lua_with_vs2012\Release\lua_dynamic_library.lib" /MACHINE:X86 /SAFESEH /DLL Release\lapi.obj
         Release\lauxlib.obj
         Release\lbaselib.obj
         Release\lbitlib.obj
         Release\lcode.obj
         Release\lcorolib.obj
         Release\lctype.obj
         Release\ldblib.obj
         Release\ldebug.obj
         Release\ldo.obj
         Release\ldump.obj
         Release\lfunc.obj
         Release\lgc.obj
         Release\linit.obj
         Release\liolib.obj
         Release\llex.obj
         Release\lmathlib.obj
         Release\lmem.obj
         Release\loadlib.obj
         Release\lobject.obj
         Release\lopcodes.obj
         Release\loslib.obj
         Release\lparser.obj
         Release\lstate.obj
         Release\lstring.obj
         Release\lstrlib.obj
         Release\ltable.obj
         Release\ltablib.obj
         Release\ltm.obj
         Release\lundump.obj
         Release\lutf8lib.obj
         Release\lvm.obj
         Release\lzio.obj
            正在创建库 D:\projects\lua\vs2012\lua_with_vs2012\Release\lua_dynamic_library.lib 和对象 D:\projects\lua\vs2012\lua_with_vs2012\Release\lua_dynamic_library.exp
         正在生成代码
         已完成代码的生成
         lua_dynamic_library.vcxproj -> D:\projects\lua\vs2012\lua_with_vs2012\Release\lua_dynamic_library.dll
     1>已完成生成项目“D:\projects\lua\vs2012\lua_with_vs2012\lua_dynamic_library\lua_dynamic_library.vcxproj”(Rebuild 个目标)的操作。

生成成功。

已用时间 00:00:02.93
