D:\PROJECTS\LUA\VS2012\LUA_WITH_VS2012\LUA_STATIC_LIBRARY\RELEASE\LOBJECT.OBJ
D:\PROJECTS\LUA\VS2012\LUA_WITH_VS2012\LUA_STATIC_LIBRARY\RELEASE\LOADLIB.OBJ
D:\PROJECTS\LUA\VS2012\LUA_WITH_VS2012\LUA_STATIC_LIBRARY\RELEASE\LMEM.OBJ
D:\PROJECTS\LUA\VS2012\LUA_WITH_VS2012\LUA_STATIC_LIBRARY\RELEASE\LMATHLIB.OBJ
D:\PROJECTS\LUA\VS2012\LUA_WITH_VS2012\LUA_STATIC_LIBRARY\RELEASE\LLEX.OBJ
D:\PROJECTS\LUA\VS2012\LUA_WITH_VS2012\LUA_STATIC_LIBRARY\RELEASE\LIOLIB.OBJ
D:\PROJECTS\LUA\VS2012\LUA_WITH_VS2012\LUA_STATIC_LIBRARY\RELEASE\LINIT.OBJ
D:\PROJECTS\LUA\VS2012\LUA_WITH_VS2012\LUA_STATIC_LIBRARY\RELEASE\LGC.OBJ
D:\PROJECTS\LUA\VS2012\LUA_WITH_VS2012\LUA_STATIC_LIBRARY\RELEASE\LFUNC.OBJ
D:\PROJECTS\LUA\VS2012\LUA_WITH_VS2012\LUA_STATIC_LIBRARY\RELEASE\LDUMP.OBJ
D:\PROJECTS\LUA\VS2012\LUA_WITH_VS2012\LUA_STATIC_LIBRARY\RELEASE\LDO.OBJ
D:\PROJECTS\LUA\VS2012\LUA_WITH_VS2012\LUA_STATIC_LIBRARY\RELEASE\LDEBUG.OBJ
D:\PROJECTS\LUA\VS2012\LUA_WITH_VS2012\LUA_STATIC_LIBRARY\RELEASE\LDBLIB.OBJ
D:\PROJECTS\LUA\VS2012\LUA_WITH_VS2012\LUA_STATIC_LIBRARY\RELEASE\LCTYPE.OBJ
D:\PROJECTS\LUA\VS2012\LUA_WITH_VS2012\LUA_STATIC_LIBRARY\RELEASE\LCOROLIB.OBJ
D:\PROJECTS\LUA\VS2012\LUA_WITH_VS2012\LUA_STATIC_LIBRARY\RELEASE\LCODE.OBJ
D:\PROJECTS\LUA\VS2012\LUA_WITH_VS2012\LUA_STATIC_LIBRARY\RELEASE\LBITLIB.OBJ
D:\PROJECTS\LUA\VS2012\LUA_WITH_VS2012\LUA_STATIC_LIBRARY\RELEASE\LBASELIB.OBJ
D:\PROJECTS\LUA\VS2012\LUA_WITH_VS2012\LUA_STATIC_LIBRARY\RELEASE\LAUXLIB.OBJ
D:\PROJECTS\LUA\VS2012\LUA_WITH_VS2012\LUA_STATIC_LIBRARY\RELEASE\LAPI.OBJ
D:\PROJECTS\LUA\VS2012\LUA_WITH_VS2012\LUA_STATIC_LIBRARY\RELEASE\LZIO.OBJ
D:\PROJECTS\LUA\VS2012\LUA_WITH_VS2012\LUA_STATIC_LIBRARY\RELEASE\LVM.OBJ
D:\PROJECTS\LUA\VS2012\LUA_WITH_VS2012\LUA_STATIC_LIBRARY\RELEASE\LUTF8LIB.OBJ
D:\PROJECTS\LUA\VS2012\LUA_WITH_VS2012\LUA_STATIC_LIBRARY\RELEASE\LUNDUMP.OBJ
D:\PROJECTS\LUA\VS2012\LUA_WITH_VS2012\LUA_STATIC_LIBRARY\RELEASE\LTM.OBJ
D:\PROJECTS\LUA\VS2012\LUA_WITH_VS2012\LUA_STATIC_LIBRARY\RELEASE\LTABLIB.OBJ
D:\PROJECTS\LUA\VS2012\LUA_WITH_VS2012\LUA_STATIC_LIBRARY\RELEASE\LTABLE.OBJ
D:\PROJECTS\LUA\VS2012\LUA_WITH_VS2012\LUA_STATIC_LIBRARY\RELEASE\LSTRLIB.OBJ
D:\PROJECTS\LUA\VS2012\LUA_WITH_VS2012\LUA_STATIC_LIBRARY\RELEASE\LSTRING.OBJ
D:\PROJECTS\LUA\VS2012\LUA_WITH_VS2012\LUA_STATIC_LIBRARY\RELEASE\LSTATE.OBJ
D:\PROJECTS\LUA\VS2012\LUA_WITH_VS2012\LUA_STATIC_LIBRARY\RELEASE\LPARSER.OBJ
D:\PROJECTS\LUA\VS2012\LUA_WITH_VS2012\LUA_STATIC_LIBRARY\RELEASE\LOSLIB.OBJ
D:\PROJECTS\LUA\VS2012\LUA_WITH_VS2012\LUA_STATIC_LIBRARY\RELEASE\LOPCODES.OBJ
D:\PROJECTS\LUA\VS2012\LUA_WITH_VS2012\LUA_STATIC_LIBRARY\RELEASE\VC110.PDB
D:\PROJECTS\LUA\VS2012\LUA_WITH_VS2012\RELEASE\LUA_STATIC_LIBRARY.LIB
D:\projects\lua\vs2012\lua_with_vs2012\lua_static_library\Release\lapi.obj
D:\projects\lua\vs2012\lua_with_vs2012\lua_static_library\Release\lauxlib.obj
D:\projects\lua\vs2012\lua_with_vs2012\lua_static_library\Release\lbaselib.obj
D:\projects\lua\vs2012\lua_with_vs2012\lua_static_library\Release\lbitlib.obj
D:\projects\lua\vs2012\lua_with_vs2012\lua_static_library\Release\lcode.obj
D:\projects\lua\vs2012\lua_with_vs2012\lua_static_library\Release\lcorolib.obj
D:\projects\lua\vs2012\lua_with_vs2012\lua_static_library\Release\lctype.obj
D:\projects\lua\vs2012\lua_with_vs2012\lua_static_library\Release\ldblib.obj
D:\projects\lua\vs2012\lua_with_vs2012\lua_static_library\Release\ldebug.obj
D:\projects\lua\vs2012\lua_with_vs2012\lua_static_library\Release\ldo.obj
D:\projects\lua\vs2012\lua_with_vs2012\lua_static_library\Release\ldump.obj
D:\projects\lua\vs2012\lua_with_vs2012\lua_static_library\Release\lfunc.obj
D:\projects\lua\vs2012\lua_with_vs2012\lua_static_library\Release\lgc.obj
D:\projects\lua\vs2012\lua_with_vs2012\lua_static_library\Release\linit.obj
D:\projects\lua\vs2012\lua_with_vs2012\lua_static_library\Release\liolib.obj
D:\projects\lua\vs2012\lua_with_vs2012\lua_static_library\Release\llex.obj
D:\projects\lua\vs2012\lua_with_vs2012\lua_static_library\Release\lmathlib.obj
D:\projects\lua\vs2012\lua_with_vs2012\lua_static_library\Release\lmem.obj
D:\projects\lua\vs2012\lua_with_vs2012\lua_static_library\Release\loadlib.obj
D:\projects\lua\vs2012\lua_with_vs2012\lua_static_library\Release\lobject.obj
D:\projects\lua\vs2012\lua_with_vs2012\lua_static_library\Release\lopcodes.obj
D:\projects\lua\vs2012\lua_with_vs2012\lua_static_library\Release\loslib.obj
D:\projects\lua\vs2012\lua_with_vs2012\lua_static_library\Release\lparser.obj
D:\projects\lua\vs2012\lua_with_vs2012\lua_static_library\Release\lstate.obj
D:\projects\lua\vs2012\lua_with_vs2012\lua_static_library\Release\lstring.obj
D:\projects\lua\vs2012\lua_with_vs2012\lua_static_library\Release\lstrlib.obj
D:\projects\lua\vs2012\lua_with_vs2012\lua_static_library\Release\ltable.obj
D:\projects\lua\vs2012\lua_with_vs2012\lua_static_library\Release\ltablib.obj
D:\projects\lua\vs2012\lua_with_vs2012\lua_static_library\Release\ltm.obj
D:\projects\lua\vs2012\lua_with_vs2012\lua_static_library\Release\lundump.obj
D:\projects\lua\vs2012\lua_with_vs2012\lua_static_library\Release\lutf8lib.obj
D:\projects\lua\vs2012\lua_with_vs2012\lua_static_library\Release\lvm.obj
D:\projects\lua\vs2012\lua_with_vs2012\lua_static_library\Release\lzio.obj
D:\projects\lua\vs2012\lua_with_vs2012\lua_static_library\Release\cl.command.1.tlog
D:\projects\lua\vs2012\lua_with_vs2012\lua_static_library\Release\CL.read.1.tlog
D:\projects\lua\vs2012\lua_with_vs2012\lua_static_library\Release\CL.write.1.tlog
D:\projects\lua\vs2012\lua_with_vs2012\lua_static_library\Release\Lib-link.read.1.tlog
D:\projects\lua\vs2012\lua_with_vs2012\lua_static_library\Release\Lib-link.write.1.tlog
D:\projects\lua\vs2012\lua_with_vs2012\lua_static_library\Release\lib.command.1.tlog
D:\projects\lua\vs2012\lua_with_vs2012\lua_static_library\Release\vc110.pdb
D:\projects\lua\vs2012\lua_with_vs2012\Release\lua_static_library.lib
