D:\PROJECTS\LUA\VS2012\LUA_WITH_VS2012\LUA_STATIC_LIBRARY\DEBUG\LINIT.OBJ
D:\PROJECTS\LUA\VS2012\LUA_WITH_VS2012\LUA_STATIC_LIBRARY\DEBUG\LIOLIB.OBJ
D:\PROJECTS\LUA\VS2012\LUA_WITH_VS2012\LUA_STATIC_LIBRARY\DEBUG\LLEX.OBJ
D:\PROJECTS\LUA\VS2012\LUA_WITH_VS2012\LUA_STATIC_LIBRARY\DEBUG\LMATHLIB.OBJ
D:\PROJECTS\LUA\VS2012\LUA_WITH_VS2012\LUA_STATIC_LIBRARY\DEBUG\LMEM.OBJ
D:\PROJECTS\LUA\VS2012\LUA_WITH_VS2012\LUA_STATIC_LIBRARY\DEBUG\LOADLIB.OBJ
D:\PROJECTS\LUA\VS2012\LUA_WITH_VS2012\LUA_STATIC_LIBRARY\DEBUG\LOBJECT.OBJ
D:\PROJECTS\LUA\VS2012\LUA_WITH_VS2012\LUA_STATIC_LIBRARY\DEBUG\LOPCODES.OBJ
D:\PROJECTS\LUA\VS2012\LUA_WITH_VS2012\LUA_STATIC_LIBRARY\DEBUG\LOSLIB.OBJ
D:\PROJECTS\LUA\VS2012\LUA_WITH_VS2012\LUA_STATIC_LIBRARY\DEBUG\LPARSER.OBJ
D:\PROJECTS\LUA\VS2012\LUA_WITH_VS2012\LUA_STATIC_LIBRARY\DEBUG\LSTATE.OBJ
D:\PROJECTS\LUA\VS2012\LUA_WITH_VS2012\LUA_STATIC_LIBRARY\DEBUG\LSTRING.OBJ
D:\PROJECTS\LUA\VS2012\LUA_WITH_VS2012\LUA_STATIC_LIBRARY\DEBUG\LSTRLIB.OBJ
D:\PROJECTS\LUA\VS2012\LUA_WITH_VS2012\LUA_STATIC_LIBRARY\DEBUG\LTABLE.OBJ
D:\PROJECTS\LUA\VS2012\LUA_WITH_VS2012\LUA_STATIC_LIBRARY\DEBUG\LTABLIB.OBJ
D:\PROJECTS\LUA\VS2012\LUA_WITH_VS2012\LUA_STATIC_LIBRARY\DEBUG\LTM.OBJ
D:\PROJECTS\LUA\VS2012\LUA_WITH_VS2012\LUA_STATIC_LIBRARY\DEBUG\LUNDUMP.OBJ
D:\PROJECTS\LUA\VS2012\LUA_WITH_VS2012\LUA_STATIC_LIBRARY\DEBUG\LUTF8LIB.OBJ
D:\PROJECTS\LUA\VS2012\LUA_WITH_VS2012\LUA_STATIC_LIBRARY\DEBUG\LVM.OBJ
D:\PROJECTS\LUA\VS2012\LUA_WITH_VS2012\LUA_STATIC_LIBRARY\DEBUG\LZIO.OBJ
D:\PROJECTS\LUA\VS2012\LUA_WITH_VS2012\LUA_STATIC_LIBRARY\DEBUG\LAPI.OBJ
D:\PROJECTS\LUA\VS2012\LUA_WITH_VS2012\LUA_STATIC_LIBRARY\DEBUG\LAUXLIB.OBJ
D:\PROJECTS\LUA\VS2012\LUA_WITH_VS2012\LUA_STATIC_LIBRARY\DEBUG\LBASELIB.OBJ
D:\PROJECTS\LUA\VS2012\LUA_WITH_VS2012\LUA_STATIC_LIBRARY\DEBUG\LBITLIB.OBJ
D:\PROJECTS\LUA\VS2012\LUA_WITH_VS2012\LUA_STATIC_LIBRARY\DEBUG\LCODE.OBJ
D:\PROJECTS\LUA\VS2012\LUA_WITH_VS2012\LUA_STATIC_LIBRARY\DEBUG\LCOROLIB.OBJ
D:\PROJECTS\LUA\VS2012\LUA_WITH_VS2012\LUA_STATIC_LIBRARY\DEBUG\LCTYPE.OBJ
D:\PROJECTS\LUA\VS2012\LUA_WITH_VS2012\LUA_STATIC_LIBRARY\DEBUG\LDBLIB.OBJ
D:\PROJECTS\LUA\VS2012\LUA_WITH_VS2012\LUA_STATIC_LIBRARY\DEBUG\LDEBUG.OBJ
D:\PROJECTS\LUA\VS2012\LUA_WITH_VS2012\LUA_STATIC_LIBRARY\DEBUG\LDO.OBJ
D:\PROJECTS\LUA\VS2012\LUA_WITH_VS2012\LUA_STATIC_LIBRARY\DEBUG\LDUMP.OBJ
D:\PROJECTS\LUA\VS2012\LUA_WITH_VS2012\LUA_STATIC_LIBRARY\DEBUG\LFUNC.OBJ
D:\PROJECTS\LUA\VS2012\LUA_WITH_VS2012\LUA_STATIC_LIBRARY\DEBUG\LGC.OBJ
D:\PROJECTS\LUA\VS2012\LUA_WITH_VS2012\LUA_STATIC_LIBRARY\DEBUG\VC110.PDB
D:\PROJECTS\LUA\VS2012\LUA_WITH_VS2012\DEBUG\LUA_STATIC_LIBRARY.LIB
D:\projects\lua\vs2012\lua_with_vs2012\lua_static_library\Debug\lapi.obj
D:\projects\lua\vs2012\lua_with_vs2012\lua_static_library\Debug\lauxlib.obj
D:\projects\lua\vs2012\lua_with_vs2012\lua_static_library\Debug\lbaselib.obj
D:\projects\lua\vs2012\lua_with_vs2012\lua_static_library\Debug\lbitlib.obj
D:\projects\lua\vs2012\lua_with_vs2012\lua_static_library\Debug\lcode.obj
D:\projects\lua\vs2012\lua_with_vs2012\lua_static_library\Debug\lcorolib.obj
D:\projects\lua\vs2012\lua_with_vs2012\lua_static_library\Debug\lctype.obj
D:\projects\lua\vs2012\lua_with_vs2012\lua_static_library\Debug\ldblib.obj
D:\projects\lua\vs2012\lua_with_vs2012\lua_static_library\Debug\ldebug.obj
D:\projects\lua\vs2012\lua_with_vs2012\lua_static_library\Debug\ldo.obj
D:\projects\lua\vs2012\lua_with_vs2012\lua_static_library\Debug\ldump.obj
D:\projects\lua\vs2012\lua_with_vs2012\lua_static_library\Debug\lfunc.obj
D:\projects\lua\vs2012\lua_with_vs2012\lua_static_library\Debug\lgc.obj
D:\projects\lua\vs2012\lua_with_vs2012\lua_static_library\Debug\linit.obj
D:\projects\lua\vs2012\lua_with_vs2012\lua_static_library\Debug\liolib.obj
D:\projects\lua\vs2012\lua_with_vs2012\lua_static_library\Debug\llex.obj
D:\projects\lua\vs2012\lua_with_vs2012\lua_static_library\Debug\lmathlib.obj
D:\projects\lua\vs2012\lua_with_vs2012\lua_static_library\Debug\lmem.obj
D:\projects\lua\vs2012\lua_with_vs2012\lua_static_library\Debug\loadlib.obj
D:\projects\lua\vs2012\lua_with_vs2012\lua_static_library\Debug\lobject.obj
D:\projects\lua\vs2012\lua_with_vs2012\lua_static_library\Debug\lopcodes.obj
D:\projects\lua\vs2012\lua_with_vs2012\lua_static_library\Debug\loslib.obj
D:\projects\lua\vs2012\lua_with_vs2012\lua_static_library\Debug\lparser.obj
D:\projects\lua\vs2012\lua_with_vs2012\lua_static_library\Debug\lstate.obj
D:\projects\lua\vs2012\lua_with_vs2012\lua_static_library\Debug\lstring.obj
D:\projects\lua\vs2012\lua_with_vs2012\lua_static_library\Debug\lstrlib.obj
D:\projects\lua\vs2012\lua_with_vs2012\lua_static_library\Debug\ltable.obj
D:\projects\lua\vs2012\lua_with_vs2012\lua_static_library\Debug\ltablib.obj
D:\projects\lua\vs2012\lua_with_vs2012\lua_static_library\Debug\ltm.obj
D:\projects\lua\vs2012\lua_with_vs2012\lua_static_library\Debug\lundump.obj
D:\projects\lua\vs2012\lua_with_vs2012\lua_static_library\Debug\lutf8lib.obj
D:\projects\lua\vs2012\lua_with_vs2012\lua_static_library\Debug\lvm.obj
D:\projects\lua\vs2012\lua_with_vs2012\lua_static_library\Debug\lzio.obj
D:\projects\lua\vs2012\lua_with_vs2012\lua_static_library\Debug\cl.command.1.tlog
D:\projects\lua\vs2012\lua_with_vs2012\lua_static_library\Debug\CL.read.1.tlog
D:\projects\lua\vs2012\lua_with_vs2012\lua_static_library\Debug\CL.write.1.tlog
D:\projects\lua\vs2012\lua_with_vs2012\lua_static_library\Debug\Lib-link.read.1.tlog
D:\projects\lua\vs2012\lua_with_vs2012\lua_static_library\Debug\Lib-link.write.1.tlog
D:\projects\lua\vs2012\lua_with_vs2012\lua_static_library\Debug\lib.command.1.tlog
D:\projects\lua\vs2012\lua_with_vs2012\lua_static_library\Debug\vc110.idb
D:\projects\lua\vs2012\lua_with_vs2012\lua_static_library\Debug\vc110.pdb
D:\projects\lua\vs2012\lua_with_vs2012\Debug\lua_static_library.lib
